<?xml version="1.0" encoding="UTF-8"?>
<testsuite xmlns:xsi="http://www.w3.org/2001/XMLSchema-instance" xsi:noNamespaceSchemaLocation="https://maven.apache.org/surefire/maven-surefire-plugin/xsd/surefire-test-report.xsd" version="3.0.2" name="br.edu.ifpe.jaboatao.ts.servicos.LocacaoServiceTest" time="0.07" tests="5" errors="0" skipped="0" failures="0">
  <properties>
[...]
</properties>
  <testcase name="deveDefinirValorDaLocacao" classname="br.edu.ifpe.jaboatao.ts.servicos.LocacaoServiceTest" time="0.032"/>
  <testcase name="deveAlugarRoupaComSucesso" classname="br.edu.ifpe.jaboatao.ts.servicos.LocacaoServiceTest" time="0.004"/>
  <testcase name="primeiroTeste" classname="br.edu.ifpe.jaboatao.ts.servicos.LocacaoServiceTest" time="0.001"/>
  <testcase name="terceiroTeste" classname="br.edu.ifpe.jaboatao.ts.servicos.LocacaoServiceTest" time="0.002"/>
  <testcase name="segundoTeste" classname="br.edu.ifpe.jaboatao.ts.servicos.LocacaoServiceTest" time="0.002"/>
</testsuite>